# JRE version: Java(TM) SE Runtime Environment (21.0.7+8) (build 21.0.7+8-LTS-245)
# Java VM: Java HotSpot(TM) 64-Bit Server VM (21.0.7+8-LTS-245, mixed mode, sharing, tiered, compressed oops, compressed class ptrs, g1 gc, windows-amd64)
GC Precious Log:
 CardTable entry size: 512
 Card Set container configuration: InlinePtr #cards 5 size 8 Array Of Cards #cards 12 size 40 Howl #buckets 4 coarsen threshold 1843 Howl Bitmap #cards 512 size 80 coarsen threshold 460 Card regions per heap region 1 cards per card region 2048
 CPUs: 12 total, 12 available
 Memory: 7914M
 Large Page Support: Disabled
 NUMA Support: Disabled
 Compressed Oops: Enabled (32-bit)
 Heap Region Size: 1M
 Heap Min Capacity: 8M
 Heap Initial Capacity: 124M
 Heap Max Capacity: 1G
 Pre-touch: Disabled
 Parallel Workers: 10
 Concurrent Workers: 3
 Concurrent Refinement Workers: 10
 Periodic GC: Disabled
Heap:
 garbage-first heap   total 228352K, used 104651K [0x00000000c0000000, 0x0000000100000000)
  region size 1024K, 33 young (33792K), 8 survivors (8192K)
 Metaspace       used 115605K, committed 116608K, reserved 1179648K
  class space    used 14602K, committed 15040K, reserved 1048576K
GC Heap History (20 events):
Event: 6.609 GC heap before
{Heap before GC invocations=15 (full 0):
 garbage-first heap   total 159744K, used 66061K [0x00000000c0000000, 0x0000000100000000)
  region size 1024K, 28 young (28672K), 9 survivors (9216K)
 Metaspace       used 96911K, committed 97472K, reserved 1179648K
  class space    used 12514K, committed 12736K, reserved 1048576K
}
Event: 6.615 GC heap after
{Heap after GC invocations=16 (full 0):
 garbage-first heap   total 159744K, used 50141K [0x00000000c0000000, 0x0000000100000000)
  region size 1024K, 7 young (7168K), 7 survivors (7168K)
 Metaspace       used 96911K, committed 97472K, reserved 1179648K
  class space    used 12514K, committed 12736K, reserved 1048576K
}
Event: 9.288 GC heap before
{Heap before GC invocations=17 (full 0):
 garbage-first heap   total 159744K, used 157661K [0x00000000c0000000, 0x0000000100000000)
  region size 1024K, 89 young (91136K), 7 survivors (7168K)
 Metaspace       used 110817K, committed 111744K, reserved 1179648K
  class space    used 14291K, committed 14720K, reserved 1048576K
}
Event: 9.297 GC heap after
{Heap after GC invocations=18 (full 0):
 garbage-first heap   total 172032K, used 55215K [0x00000000c0000000, 0x0000000100000000)
  region size 1024K, 12 young (12288K), 12 survivors (12288K)
 Metaspace       used 110817K, committed 111744K, reserved 1179648K
  class space    used 14291K, committed 14720K, reserved 1048576K
}
Event: 17.396 GC heap before
{Heap before GC invocations=18 (full 0):
 garbage-first heap   total 172032K, used 169903K [0x00000000c0000000, 0x0000000100000000)
  region size 1024K, 85 young (87040K), 12 survivors (12288K)
 Metaspace       used 112979K, committed 113984K, reserved 1179648K
  class space    used 14547K, committed 14976K, reserved 1048576K
}
Event: 17.404 GC heap after
{Heap after GC invocations=19 (full 0):
 garbage-first heap   total 185344K, used 55934K [0x00000000c0000000, 0x0000000100000000)
  region size 1024K, 7 young (7168K), 7 survivors (7168K)
 Metaspace       used 112979K, committed 113984K, reserved 1179648K
  class space    used 14547K, committed 14976K, reserved 1048576K
}
Event: 17.442 GC heap before
{Heap before GC invocations=19 (full 0):
 garbage-first heap   total 185344K, used 64126K [0x00000000c0000000, 0x0000000100000000)
  region size 1024K, 17 young (17408K), 7 survivors (7168K)
 Metaspace       used 113030K, committed 113984K, reserved 1179648K
  class space    used 14547K, committed 14976K, reserved 1048576K
}
Event: 17.447 GC heap after
{Heap after GC invocations=20 (full 0):
 garbage-first heap   total 185344K, used 55586K [0x00000000c0000000, 0x0000000100000000)
  region size 1024K, 7 young (7168K), 7 survivors (7168K)
 Metaspace       used 113030K, committed 113984K, reserved 1179648K
  class space    used 14547K, committed 14976K, reserved 1048576K
}
Event: 28.589 GC heap before
{Heap before GC invocations=21 (full 0):
 garbage-first heap   total 185344K, used 183586K [0x00000000c0000000, 0x0000000100000000)
  region size 1024K, 73 young (74752K), 7 survivors (7168K)
 Metaspace       used 113718K, committed 114752K, reserved 1179648K
  class space    used 14583K, committed 15040K, reserved 1048576K
}
Event: 28.595 GC heap after
{Heap after GC invocations=22 (full 0):
 garbage-first heap   total 193536K, used 56549K [0x00000000c0000000, 0x0000000100000000)
  region size 1024K, 8 young (8192K), 8 survivors (8192K)
 Metaspace       used 113718K, committed 114752K, reserved 1179648K
  class space    used 14583K, committed 15040K, reserved 1048576K
}
Event: 43.498 GC heap before
{Heap before GC invocations=22 (full 0):
 garbage-first heap   total 198656K, used 196837K [0x00000000c0000000, 0x0000000100000000)
  region size 1024K, 83 young (84992K), 8 survivors (8192K)
 Metaspace       used 114363K, committed 115392K, reserved 1179648K
  class space    used 14589K, committed 15040K, reserved 1048576K
}
Event: 43.503 GC heap after
{Heap after GC invocations=23 (full 0):
 garbage-first heap   total 207872K, used 56046K [0x00000000c0000000, 0x0000000100000000)
  region size 1024K, 8 young (8192K), 8 survivors (8192K)
 Metaspace       used 114363K, committed 115392K, reserved 1179648K
  class space    used 14589K, committed 15040K, reserved 1048576K
}
Event: 43.511 GC heap before
{Heap before GC invocations=23 (full 0):
 garbage-first heap   total 207872K, used 61166K [0x00000000c0000000, 0x0000000100000000)
  region size 1024K, 14 young (14336K), 8 survivors (8192K)
 Metaspace       used 114376K, committed 115392K, reserved 1179648K
  class space    used 14589K, committed 15040K, reserved 1048576K
}
Event: 43.514 GC heap after
{Heap after GC invocations=24 (full 0):
 garbage-first heap   total 207872K, used 56527K [0x00000000c0000000, 0x0000000100000000)
  region size 1024K, 8 young (8192K), 8 survivors (8192K)
 Metaspace       used 114376K, committed 115392K, reserved 1179648K
  class space    used 14589K, committed 15040K, reserved 1048576K
}
Event: 58.498 GC heap before
{Heap before GC invocations=25 (full 0):
 garbage-first heap   total 209920K, used 208079K [0x00000000c0000000, 0x0000000100000000)
  region size 1024K, 85 young (87040K), 8 survivors (8192K)
 Metaspace       used 114903K, committed 115904K, reserved 1179648K
  class space    used 14590K, committed 15040K, reserved 1048576K
}
Event: 58.504 GC heap after
{Heap after GC invocations=26 (full 0):
 garbage-first heap   total 218112K, used 56349K [0x00000000c0000000, 0x0000000100000000)
  region size 1024K, 8 young (8192K), 8 survivors (8192K)
 Metaspace       used 114903K, committed 115904K, reserved 1179648K
  class space    used 14590K, committed 15040K, reserved 1048576K
}
Event: 73.706 GC heap before
{Heap before GC invocations=26 (full 0):
 garbage-first heap   total 218112K, used 216093K [0x00000000c0000000, 0x0000000100000000)
  region size 1024K, 93 young (95232K), 8 survivors (8192K)
 Metaspace       used 115447K, committed 116480K, reserved 1179648K
  class space    used 14594K, committed 15040K, reserved 1048576K
}
Event: 73.713 GC heap after
{Heap after GC invocations=27 (full 0):
 garbage-first heap   total 228352K, used 57219K [0x00000000c0000000, 0x0000000100000000)
  region size 1024K, 9 young (9216K), 9 survivors (9216K)
 Metaspace       used 115447K, committed 116480K, reserved 1179648K
  class space    used 14594K, committed 15040K, reserved 1048576K
}
Event: 73.717 GC heap before
{Heap before GC invocations=27 (full 0):
 garbage-first heap   total 228352K, used 58243K [0x00000000c0000000, 0x0000000100000000)
  region size 1024K, 11 young (11264K), 9 survivors (9216K)
 Metaspace       used 115448K, committed 116480K, reserved 1179648K
  class space    used 14594K, committed 15040K, reserved 1048576K
}
Event: 73.723 GC heap after
{Heap after GC invocations=28 (full 0):
 garbage-first heap   total 228352K, used 56523K [0x00000000c0000000, 0x0000000100000000)
  region size 1024K, 8 young (8192K), 8 survivors (8192K)
 Metaspace       used 115448K, committed 116480K, reserved 1179648K
  class space    used 14594K, committed 15040K, reserved 1048576K
}

