# JRE version: Java(TM) SE Runtime Environment (21.0.7+8) (build 21.0.7+8-LTS-245)
# Java VM: Java HotSpot(TM) 64-Bit Server VM (21.0.7+8-LTS-245, mixed mode, sharing, tiered, compressed oops, compressed class ptrs, g1 gc, windows-amd64)
GC Precious Log:
 CardTable entry size: 512
 Card Set container configuration: InlinePtr #cards 5 size 8 Array Of Cards #cards 12 size 40 Howl #buckets 4 coarsen threshold 1843 Howl Bitmap #cards 512 size 80 coarsen threshold 460 Card regions per heap region 1 cards per card region 2048
 CPUs: 12 total, 12 available
 Memory: 7914M
 Large Page Support: Disabled
 NUMA Support: Disabled
 Compressed Oops: Enabled (32-bit)
 Heap Region Size: 1M
 Heap Min Capacity: 8M
 Heap Initial Capacity: 124M
 Heap Max Capacity: 1G
 Pre-touch: Disabled
 Parallel Workers: 10
 Concurrent Workers: 3
 Concurrent Refinement Workers: 10
 Periodic GC: Disabled
Heap:
 garbage-first heap   total 243712K, used 237787K [0x00000000c0000000, 0x0000000100000000)
  region size 1024K, 95 young (97280K), 3 survivors (3072K)
 Metaspace       used 120398K, committed 121344K, reserved 1179648K
  class space    used 14604K, committed 15040K, reserved 1048576K
GC Heap History (20 events):
Event: 501.122 GC heap after
{Heap after GC invocations=83 (full 0):
 garbage-first heap   total 233472K, used 60481K [0x00000000c0000000, 0x0000000100000000)
  region size 1024K, 3 young (3072K), 3 survivors (3072K)
 Metaspace       used 119870K, committed 120832K, reserved 1179648K
  class space    used 14603K, committed 15040K, reserved 1048576K
}
Event: 518.879 GC heap before
{Heap before GC invocations=83 (full 0):
 garbage-first heap   total 243712K, used 240705K [0x00000000c0000000, 0x0000000100000000)
  region size 1024K, 91 young (93184K), 3 survivors (3072K)
 Metaspace       used 119961K, committed 120896K, reserved 1179648K
  class space    used 14603K, committed 15040K, reserved 1048576K
}
Event: 518.888 GC heap after
{Heap after GC invocations=84 (full 0):
 garbage-first heap   total 246784K, used 60623K [0x00000000c0000000, 0x0000000100000000)
  region size 1024K, 3 young (3072K), 3 survivors (3072K)
 Metaspace       used 119961K, committed 120896K, reserved 1179648K
  class space    used 14603K, committed 15040K, reserved 1048576K
}
Event: 519.319 GC heap before
{Heap before GC invocations=84 (full 0):
 garbage-first heap   total 246784K, used 72911K [0x00000000c0000000, 0x0000000100000000)
  region size 1024K, 17 young (17408K), 3 survivors (3072K)
 Metaspace       used 119965K, committed 120896K, reserved 1179648K
  class space    used 14603K, committed 15040K, reserved 1048576K
}
Event: 519.327 GC heap after
{Heap after GC invocations=85 (full 0):
 garbage-first heap   total 246784K, used 60503K [0x00000000c0000000, 0x0000000100000000)
  region size 1024K, 3 young (3072K), 3 survivors (3072K)
 Metaspace       used 119965K, committed 120896K, reserved 1179648K
  class space    used 14603K, committed 15040K, reserved 1048576K
}
Event: 535.954 GC heap before
{Heap before GC invocations=86 (full 0):
 garbage-first heap   total 234496K, used 232535K [0x00000000c0000000, 0x0000000100000000)
  region size 1024K, 88 young (90112K), 3 survivors (3072K)
 Metaspace       used 120262K, committed 121280K, reserved 1179648K
  class space    used 14603K, committed 15040K, reserved 1048576K
}
Event: 535.962 GC heap after
{Heap after GC invocations=87 (full 0):
 garbage-first heap   total 239616K, used 61043K [0x00000000c0000000, 0x0000000100000000)
  region size 1024K, 4 young (4096K), 4 survivors (4096K)
 Metaspace       used 120262K, committed 121280K, reserved 1179648K
  class space    used 14603K, committed 15040K, reserved 1048576K
}
Event: 554.184 GC heap before
{Heap before GC invocations=87 (full 0):
 garbage-first heap   total 241664K, used 238195K [0x00000000c0000000, 0x0000000100000000)
  region size 1024K, 94 young (96256K), 4 survivors (4096K)
 Metaspace       used 120315K, committed 121280K, reserved 1179648K
  class space    used 14603K, committed 15040K, reserved 1048576K
}
Event: 554.194 GC heap after
{Heap after GC invocations=88 (full 0):
 garbage-first heap   total 245760K, used 61112K [0x00000000c0000000, 0x0000000100000000)
  region size 1024K, 4 young (4096K), 4 survivors (4096K)
 Metaspace       used 120315K, committed 121280K, reserved 1179648K
  class space    used 14603K, committed 15040K, reserved 1048576K
}
Event: 554.288 GC heap before
{Heap before GC invocations=88 (full 0):
 garbage-first heap   total 245760K, used 70328K [0x00000000c0000000, 0x0000000100000000)
  region size 1024K, 15 young (15360K), 4 survivors (4096K)
 Metaspace       used 120322K, committed 121280K, reserved 1179648K
  class space    used 14603K, committed 15040K, reserved 1048576K
}
Event: 554.294 GC heap after
{Heap after GC invocations=89 (full 0):
 garbage-first heap   total 245760K, used 60929K [0x00000000c0000000, 0x0000000100000000)
  region size 1024K, 3 young (3072K), 3 survivors (3072K)
 Metaspace       used 120322K, committed 121280K, reserved 1179648K
  class space    used 14603K, committed 15040K, reserved 1048576K
}
Event: 570.315 GC heap before
{Heap before GC invocations=90 (full 0):
 garbage-first heap   total 229376K, used 227841K [0x00000000c0000000, 0x0000000100000000)
  region size 1024K, 88 young (90112K), 3 survivors (3072K)
 Metaspace       used 120338K, committed 121280K, reserved 1179648K
  class space    used 14603K, committed 15040K, reserved 1048576K
}
Event: 570.319 GC heap after
{Heap after GC invocations=91 (full 0):
 garbage-first heap   total 234496K, used 61606K [0x00000000c0000000, 0x0000000100000000)
  region size 1024K, 4 young (4096K), 4 survivors (4096K)
 Metaspace       used 120338K, committed 121280K, reserved 1179648K
  class space    used 14603K, committed 15040K, reserved 1048576K
}
Event: 588.824 GC heap before
{Heap before GC invocations=91 (full 0):
 garbage-first heap   total 244736K, used 241830K [0x00000000c0000000, 0x0000000100000000)
  region size 1024K, 92 young (94208K), 4 survivors (4096K)
 Metaspace       used 120343K, committed 121280K, reserved 1179648K
  class space    used 14604K, committed 15040K, reserved 1048576K
}
Event: 588.834 GC heap after
{Heap after GC invocations=92 (full 0):
 garbage-first heap   total 247808K, used 61156K [0x00000000c0000000, 0x0000000100000000)
  region size 1024K, 3 young (3072K), 3 survivors (3072K)
 Metaspace       used 120343K, committed 121280K, reserved 1179648K
  class space    used 14604K, committed 15040K, reserved 1048576K
}
Event: 589.311 GC heap before
{Heap before GC invocations=92 (full 0):
 garbage-first heap   total 247808K, used 73444K [0x00000000c0000000, 0x0000000100000000)
  region size 1024K, 17 young (17408K), 3 survivors (3072K)
 Metaspace       used 120349K, committed 121280K, reserved 1179648K
  class space    used 14604K, committed 15040K, reserved 1048576K
}
Event: 589.320 GC heap after
{Heap after GC invocations=93 (full 0):
 garbage-first heap   total 247808K, used 60988K [0x00000000c0000000, 0x0000000100000000)
  region size 1024K, 3 young (3072K), 3 survivors (3072K)
 Metaspace       used 120349K, committed 121280K, reserved 1179648K
  class space    used 14604K, committed 15040K, reserved 1048576K
}
Event: 605.514 GC heap before
{Heap before GC invocations=94 (full 0):
 garbage-first heap   total 234496K, used 233020K [0x00000000c0000000, 0x0000000100000000)
  region size 1024K, 88 young (90112K), 3 survivors (3072K)
 Metaspace       used 120359K, committed 121280K, reserved 1179648K
  class space    used 14604K, committed 15040K, reserved 1048576K
}
Event: 605.525 GC heap after
{Heap after GC invocations=95 (full 0):
 garbage-first heap   total 239616K, used 61659K [0x00000000c0000000, 0x0000000100000000)
  region size 1024K, 4 young (4096K), 4 survivors (4096K)
 Metaspace       used 120359K, committed 121280K, reserved 1179648K
  class space    used 14604K, committed 15040K, reserved 1048576K
}
Event: 624.324 GC heap before
{Heap before GC invocations=95 (full 0):
 garbage-first heap   total 239616K, used 236763K [0x00000000c0000000, 0x0000000100000000)
  region size 1024K, 96 young (98304K), 4 survivors (4096K)
 Metaspace       used 120398K, committed 121344K, reserved 1179648K
  class space    used 14604K, committed 15040K, reserved 1048576K
}

